#
# A fatal error has been detected by the Java Runtime Environment:
#
#  EXCEPTION_ACCESS_VIOLATION (0xc0000005) at pc=0x00000000a2d5d6e8, pid=35076, tid=24992
#
# JRE version: Java(TM) SE Runtime Environment (20.0.1+9) (build 20.0.1+9-29)
# Java VM: Java HotSpot(TM) 64-Bit Server VM (20.0.1+9-29, mixed mode, emulated-client, sharing, tiered, compressed oops, compressed class ptrs, g1 gc, windows-amd64)
# Problematic frame:
# C  0x00000000a2d5d6e8
#
# No core dump will be written. Minidumps are not enabled by default on client versions of Windows
#
# If you would like to submit a bug report, please visit:
#   https://bugreport.java.com/bugreport/crash.jsp
#

---------------  S U M M A R Y ------------

Command Line: -XX:+ShowCodeDetailsInExceptionMessages -agentlib:jdwp=transport=dt_socket,suspend=y,address=localhost:55291 -Dcom.sun.management.jmxremote -Dcom.sun.management.jmxremote.port=55288 -Dcom.sun.management.jmxremote.authenticate=false -Dcom.sun.management.jmxremote.ssl=false -Djava.rmi.server.hostname=localhost -Dspring.jmx.enabled=true -Dmanagement.endpoints.jmx.exposure.include=* -Dspring.application.admin.enabled=true -XX:TieredStopAtLevel=1 -Dspring.boot.project.name=PetStore -javaagent:C:\Users\rajik\Downloads\spring-tool-suite-4-4.26.0\sts-4.26.0.RELEASE\configuration\org.eclipse.osgi\271\0\.cp\lib\javaagent-shaded.jar -Dfile.encoding=UTF-8 -Dstdout.encoding=UTF-8 -Dstderr.encoding=UTF-8 PetStore.PetStore.PetStoreApplication --spring.output.ansi.enabled=always

Host: AMD Ryzen 5 5500U with Radeon Graphics         , 12 cores, 5G,  Windows 11 , 64 bit Build 22621 (10.0.22621.3958)
Time: Fri Nov 15 11:17:46 2024 India Standard Time elapsed time: 26.163074 seconds (0d 0h 0m 26s)

---------------  T H R E A D  ---------------

Current thread (0x000001e1031ef1a0):  JavaThread "main" [_thread_in_Java, id=24992, stack(0x0000007214100000,0x0000007214200000)]

Stack: [0x0000007214100000,0x0000007214200000],  sp=0x00000072141fe578,  free space=1017k
Native frames: (J=compiled Java code, j=interpreted, Vv=VM code, C=native code)
C  0x00000000a2d5d6e8


siginfo: EXCEPTION_ACCESS_VIOLATION (0xc0000005), data execution prevention violation at address 0x00000000a2d5d6e8


Registers:
RAX=0x000001e10b2ae6ca, RBX=0x00000000a2d5d660, RCX=0x00000072141fe588, RDX=0x0000000000000003
RSP=0x00000072141fe578, RBP=0x00000072141fe5d0, RSI=0x000001e118b11fa8, RDI=0x000001e118e5d460
R8 =0x0000000000000002, R9 =0x0000000000000002, R10=0x00007ffc79966a60, R11=0x00000008000b8ee8
R12=0x0000000000000000, R13=0x00000072141fe578, R14=0x00000072141fe5f8, R15=0x000001e1031ef1a0
RIP=0x00000000a2d5d6e8, EFLAGS=0x0000000000010202


Register to memory mapping:

RIP=0x00000000a2d5d6e8 is an oop: java.util.concurrent.ConcurrentHashMap 
{0x00000000a2d5d6e8} - klass: 'java/util/concurrent/ConcurrentHashMap'
 - ---- fields (total size 8 words):
 - transient 'keySet' 'Ljava/util/Set;' @12  NULL (0x00000000)
 - transient 'values' 'Ljava/util/Collection;' @16  NULL (0x00000000)
 - private volatile transient 'sizeCtl' 'I' @20  384 (0x00000180)
 - private volatile transient 'baseCount' 'J' @24  139 (0x000000000000008b)
 - private volatile transient 'transferIndex' 'I' @32  0 (0x00000000)
 - private volatile transient 'cellsBusy' 'I' @36  0 (0x00000000)
 - volatile transient 'table' '[Ljava/util/concurrent/ConcurrentHashMap$Node;' @40  a 'java/util/concurrent/ConcurrentHashMap$Node'[512] {0x00000000a2d5d728} (0xa2d5d728)
 - private volatile transient 'nextTable' '[Ljava/util/concurrent/ConcurrentHashMap$Node;' @44  NULL (0x00000000)
 - private volatile transient 'counterCells' '[Ljava/util/concurrent/ConcurrentHashMap$CounterCell;' @48  NULL (0x00000000)
 - private transient 'keySet' 'Ljava/util/concurrent/ConcurrentHashMap$KeySetView;' @52  NULL (0x00000000)
 - private transient 'values' 'Ljava/util/concurrent/ConcurrentHashMap$ValuesView;' @56  NULL (0x00000000)
 - private transient 'entrySet' 'Ljava/util/concurrent/ConcurrentHashMap$EntrySetView;' @60  NULL (0x00000000)
RAX=0x000001e10b2ae6ca is at code_begin+3018 in an Interpreter codelet
return entry points  [0x000001e10b2adb00, 0x000001e10b2af888]  7560 bytes
RBX=0x00000000a2d5d660 is an oop: org.springframework.boot.convert.ApplicationConversionService 
{0x00000000a2d5d660} - klass: 'org/springframework/boot/convert/ApplicationConversionService'
 - ---- fields (total size 5 words):
 - private final 'converters' 'Lorg/springframework/core/convert/support/GenericConversionService$Converters;' @12  a 'org/springframework/core/convert/support/GenericConversionService$Converters'{0x00000000a2d5d688} (0xa2d5d688)
 - private final 'converterCache' 'Ljava/util/Map;' @16  a 'org/springframework/util/ConcurrentReferenceHashMap'{0x00000000a2d77568} (0xa2d77568)
 - private 'embeddedValueResolver' 'Lorg/springframework/util/StringValueResolver;' @20  NULL (0x00000000)
 - private final 'cachedPrinters' 'Ljava/util/Map;' @24  a 'java/util/concurrent/ConcurrentHashMap'{0x00000000a2d79bd0} (0xa2d79bd0)
 - private final 'cachedParsers' 'Ljava/util/Map;' @28  a 'java/util/concurrent/ConcurrentHashMap'{0x00000000a2d79c10} (0xa2d79c10)
 - private final 'unmodifiable' 'Z' @32  false (0x00)
RCX=0x00000072141fe588 is pointing into the stack for thread: 0x000001e1031ef1a0
RDX=0x0000000000000003 is an unknown value
RSP=0x00000072141fe578 is pointing into the stack for thread: 0x000001e1031ef1a0
RBP=0x00000072141fe5d0 is pointing into the stack for thread: 0x000001e1031ef1a0
RSI=0x000001e118b11fa8 points into unknown readable memory: 0x80001a001af557f2 | f2 57 f5 1a 00 1a 00 80
RDI=0x000001e118e5d460 points into unknown readable memory: 0x0000002000000080 | 80 00 00 00 20 00 00 00
R8 =0x0000000000000002 is an unknown value
R9 =0x0000000000000002 is an unknown value
R10=0x00007ffc79966a60 jvm.dll
R11={method} {0x00000008000b8ef0} 'newInvokeSpecial' '(Ljava/lang/Object;Ljava/lang/Object;)Ljava/lang/Object;' in 'java/lang/invoke/DirectMethodHandle$Holder'
R12=0x0 is NULL
R13=0x00000072141fe578 is pointing into the stack for thread: 0x000001e1031ef1a0
R14=0x00000072141fe5f8 is pointing into the stack for thread: 0x000001e1031ef1a0
R15=0x000001e1031ef1a0 is a thread


Top of Stack: (sp=0x00000072141fe578)
0x00000072141fe578:   000001e10b2ae6ca 00000000a5f72bc8
0x00000072141fe588:   00000072141fe588 0000000800722b78
0x00000072141fe598:   00000072141fe5f8 00000008000b4350
0x00000072141fe5a8:   00000000a5f72750 00000000a2b049b0
0x00000072141fe5b8:   00000008000b8ee8 00000072141fe578
0x00000072141fe5c8:   00000072141fe600 00000072141fe9b8
0x00000072141fe5d8:   000001e10ba05971 00000000a5f72980
0x00000072141fe5e8:   00000000a5f72bc8 00000000a5f6b360
0x00000072141fe5f8:   00000000a5f729b0 00000000a6a56838
0x00000072141fe608:   00000000a2c0c380 00000072141fe9b8
0x00000072141fe618:   000001e10b5875d4 00000000a5f72b88
0x00000072141fe628:   00000000a5f6b360 00000000a5f72b38
0x00000072141fe638:   00000000a5f729b0 00000000a5f6b360
0x00000072141fe648:   000001e10ba058c4 00000072141fe9b8
0x00000072141fe658:   000001e10b596f75 00000000a6a568b0
0x00000072141fe668:   00000000a3001d88 00000072141fe9b8
0x00000072141fe678:   000001e10bba81ec 00000000a68a56e0
0x00000072141fe688:   00007ffc791f9362 00000072141fda58
0x00000072141fe698:   00000000a2e6d3e8 00000000a2985f58
0x00000072141fe6a8:   00007ffc79157239 000001e1031ef1a0
0x00000072141fe6b8:   00000000a2d8b3a8 0000000000000019
0x00000072141fe6c8:   0000000000000000 00000072141fda58
0x00000072141fe6d8:   00000000a2b03d58 00000000a2c0c380
0x00000072141fe6e8:   00000000a6a56838 00000000a6a56838
0x00000072141fe6f8:   00000000a6a568b0 00000000a5f72bb0
0x00000072141fe708:   00000000a5f72738 0000000000000000
0x00000072141fe718:   00000000a5f72bb0 00000072141fe9b8
0x00000072141fe728:   0000000100000001 00000000a5f6b360
0x00000072141fe738:   00000000a5f72b88 00000072141fe9b8
0x00000072141fe748:   000001e10b59ba3c 0000000000000000
0x00000072141fe758:   0000000000000000 0000000000000000
0x00000072141fe768:   000001e1031ef100 000001e1031ef1a0 

Instructions: (pc=0x00000000a2d5d6e8)
0x00000000a2d5d5e8:   11 00 00 00 00 00 00 00 08 6a 11 01 01 00 00 00
0x00000000a2d5d5f8:   00 00 00 00 00 00 00 00 11 00 00 00 00 00 00 00
0x00000000a2d5d608:   78 96 16 00 00 00 00 00 19 00 00 00 00 00 00 00
0x00000000a2d5d618:   08 2e 14 01 00 00 00 00 48 d6 d5 a2 60 d6 d5 a2
0x00000000a2d5d628:   30 59 3b a3 50 9c d7 a2 b0 31 93 a2 70 9c d7 a2
0x00000000a2d5d638:   a8 90 91 a2 d0 9c d7 a2 80 ad d3 a2 18 9d d7 a2
0x00000000a2d5d648:   19 00 00 00 00 00 00 00 50 1f 11 01 c8 a5 d3 a2
0x00000000a2d5d658:   98 a5 d3 a2 00 00 00 00 19 00 00 00 00 00 00 00
0x00000000a2d5d668:   e8 4d 14 01 88 d6 d5 a2 68 75 d7 a2 00 00 00 00
0x00000000a2d5d678:   d0 9b d7 a2 10 9c d7 a2 00 00 00 00 00 00 00 00
0x00000000a2d5d688:   19 00 00 00 00 00 00 00 e8 66 14 01 a0 d6 d5 a2
0x00000000a2d5d698:   e8 d6 d5 a2 00 00 00 00 19 00 00 00 00 00 00 00
0x00000000a2d5d6a8:   f8 2d 16 01 b0 d6 d5 a2 19 00 00 00 00 00 00 00
0x00000000a2d5d6b8:   48 1f 22 00 c8 d6 d5 a2 d8 d6 d5 a2 00 00 00 00
0x00000000a2d5d6c8:   19 00 00 00 00 00 00 00 70 0e 00 00 00 00 00 00
0x00000000a2d5d6d8:   19 00 00 00 00 00 00 00 40 12 00 00 00 00 00 00
0x00000000a2d5d6e8:   19 00 00 00 00 00 00 00 f0 4b 06 00 00 00 00 00
0x00000000a2d5d6f8:   00 00 00 00 80 01 00 00 8b 00 00 00 00 00 00 00
0x00000000a2d5d708:   00 00 00 00 00 00 00 00 28 d7 d5 a2 00 00 00 00
0x00000000a2d5d718:   00 00 00 00 00 00 00 00 00 00 00 00 00 00 00 00
0x00000000a2d5d728:   19 00 00 00 00 00 00 00 60 43 18 00 00 02 00 00
0x00000000a2d5d738:   00 00 00 00 00 00 00 00 d8 ff d5 a2 00 00 00 00
0x00000000a2d5d748:   60 f1 d5 a2 00 00 00 00 c0 f0 d5 a2 00 00 00 00
0x00000000a2d5d758:   f8 ed d5 a2 38 df d5 a2 00 00 00 00 00 00 00 00
0x00000000a2d5d768:   00 00 00 00 00 00 00 00 00 00 00 00 00 00 00 00
0x00000000a2d5d778:   00 00 00 00 00 00 00 00 00 00 00 00 00 00 00 00
0x00000000a2d5d788:   00 00 00 00 00 00 00 00 00 00 00 00 00 00 00 00
0x00000000a2d5d798:   00 00 00 00 00 00 00 00 00 00 00 00 00 00 00 00
0x00000000a2d5d7a8:   00 00 00 00 90 0e d6 a2 20 0d d6 a2 70 0c d6 a2
0x00000000a2d5d7b8:   00 00 00 00 b8 0a d6 a2 00 00 00 00 00 00 00 00
0x00000000a2d5d7c8:   00 00 00 00 00 00 00 00 00 00 00 00 00 00 00 00
0x00000000a2d5d7d8:   00 00 00 00 00 00 00 00 00 00 00 00 00 00 00 00 


Stack slot to memory mapping:
stack at sp + 0 slots: 0x000001e10b2ae6ca is at code_begin+3018 in an Interpreter codelet
return entry points  [0x000001e10b2adb00, 0x000001e10b2af888]  7560 bytes
stack at sp + 1 slots: 0x00000000a5f72bc8 is an oop: PetStore.PetStore.Controller.ProductController 
{0x00000000a5f72bc8} - klass: 'PetStore/PetStore/Controller/ProductController'
 - ---- fields (total size 2 words):
 - private final 'productService' 'LPetStore/PetStore/Service/ProductService;' @12  NULL (0x00000000)
stack at sp + 2 slots: 0x00000072141fe588 is pointing into the stack for thread: 0x000001e1031ef1a0
stack at sp + 3 slots: 0x0000000800722b78 is pointing into metadata
stack at sp + 4 slots: 0x00000072141fe5f8 is pointing into the stack for thread: 0x000001e1031ef1a0
stack at sp + 5 slots: 0x00000008000b4350 is pointing into metadata
stack at sp + 6 slots: 0x00000000a5f72750 is an oop: java.lang.ref.WeakReference 
{0x00000000a5f72750} - klass: 'java/lang/ref/WeakReference'
 - ---- fields (total size 4 words):
 - private 'referent' 'Ljava/lang/Object;' @12  a 'java/lang/Class'{0x00000000a2e03b00} = 'org/springframework/beans/BeanUtils' (0xa2e03b00)
 - volatile 'queue' 'Ljava/lang/ref/ReferenceQueue;' @16  a 'java/lang/ref/ReferenceQueue$Null'{0x00000000a29d4de0} (0xa29d4de0)
 - volatile 'next' 'Ljava/lang/ref/Reference;' @20  NULL (0x00000000)
 - private transient 'discovered' 'Ljava/lang/ref/Reference;' @24  NULL (0x00000000)
stack at sp + 7 slots: 0x00000000a2b049b0 is an oop: java.lang.Class 
{0x00000000a2b049b0} - klass: 'java/lang/Class'
 - ---- fields (total size 14 words):
 - private volatile transient 'classRedefinedCount' 'I' @12  0 (0x00000000)
 - abstract internal 'klass' 'J' @16  34360475432 (0x00000008000b3f28)
 - abstract internal 'array_klass' 'J' @24  0 (0x0000000000000000)
 - abstract internal 'oop_size' 'I' @32  14 (0x0000000e)
 - abstract internal 'static_oop_field_count' 'I' @36  0 (0x00000000)
 - private volatile transient 'cachedConstructor' 'Ljava/lang/reflect/Constructor;' @40  NULL (0x00000000)
 - private transient 'name' 'Ljava/lang/String;' @44  NULL (0x00000000)
 - private transient 'module' 'Ljava/lang/Module;' @48  a 'java/lang/Module'{0x00000000a29d4e58} (0xa29d4e58)
 - private final 'classLoader' 'Ljava/lang/ClassLoader;' @52  NULL (0x00000000)
 - private transient 'classData' 'Ljava/lang/Object;' @56  NULL (0x00000000)
 - private transient 'packageName' 'Ljava/lang/String;' @60  NULL (0x00000000)
 - private final 'componentType' 'Ljava/lang/Class;' @64  NULL (0x00000000)
 - private volatile transient 'reflectionData' 'Ljava/lang/ref/SoftReference;' @68  NULL (0x00000000)
 - private volatile transient 'genericInfo' 'Lsun/reflect/generics/repository/ClassRepository;' @72  NULL (0x00000000)
 - private volatile transient 'enumConstants' '[Ljava/lang/Object;' @76  NULL (0x00000000)
 - private volatile transient 'enumConstantDirectory' 'Ljava/util/Map;' @80  NULL (0x00000000)
 - private volatile transient 'annotationData' 'Ljava/lang/Class$AnnotationData;' @84  NULL (0x00000000)
 - private volatile transient 'annotationType' 'Lsun/reflect/annotation/AnnotationType;' @88  NULL (0x00000000)
 - transient 'classValueMap' 'Ljava/lang/ClassValue$ClassValueMap;' @92  NULL (0x00000000)
 - abstract internal 'protection_domain' 'Ljava/lang/Object;' @96  NULL (0x00000000)
 - abstract internal 'signers_name' 'Ljava/lang/Object;' @100  NULL (0x00000000)
 - abstract internal 'source_file' 'Ljava/lang/Object;' @104  NULL (0x00000000)
 - signature: Ljava/lang/invoke/DirectMethodHandle$Holder;
 - ---- static fields (0):


---------------  P R O C E S S  ---------------

Threads class SMR info:
_java_thread_list=0x000001e119563fc0, length=25, elements={
0x000001e1031ef1a0, 0x000001e1132b4830, 0x000001e1132b5c70, 0x000001e1132b8380,
0x000001e1132b8f80, 0x000001e1132bd1e0, 0x000001e1132c12e0, 0x000001e1132c78d0,
0x000001e11327f4e0, 0x000001e117613cb0, 0x000001e117630c10, 0x000001e117635580,
0x000001e117da5660, 0x000001e117f13fe0, 0x000001e117f0c1d0, 0x000001e117efc730,
0x000001e117ff8020, 0x000001e1180ebc80, 0x000001e1180ed610, 0x000001e11813fc60,
0x000001e119106f20, 0x000001e119107470, 0x000001e1191079c0, 0x000001e1191089b0,
0x000001e119109450
}

Java Threads: ( => current thread )
=>0x000001e1031ef1a0 JavaThread "main" [_thread_in_Java, id=24992, stack(0x0000007214100000,0x0000007214200000)]
  0x000001e1132b4830 JavaThread "Reference Handler" daemon [_thread_blocked, id=23024, stack(0x0000007214800000,0x0000007214900000)]
  0x000001e1132b5c70 JavaThread "Finalizer" daemon [_thread_blocked, id=29360, stack(0x0000007214900000,0x0000007214a00000)]
  0x000001e1132b8380 JavaThread "Signal Dispatcher" daemon [_thread_blocked, id=21584, stack(0x0000007214a00000,0x0000007214b00000)]
  0x000001e1132b8f80 JavaThread "Attach Listener" daemon [_thread_blocked, id=12368, stack(0x0000007214b00000,0x0000007214c00000)]
  0x000001e1132bd1e0 JavaThread "Service Thread" daemon [_thread_blocked, id=1452, stack(0x0000007214c00000,0x0000007214d00000)]
  0x000001e1132c12e0 JavaThread "Monitor Deflation Thread" daemon [_thread_blocked, id=26020, stack(0x0000007214d00000,0x0000007214e00000)]
  0x000001e1132c78d0 JavaThread "C1 CompilerThread0" daemon [_thread_blocked, id=17276, stack(0x0000007214e00000,0x0000007214f00000)]
  0x000001e11327f4e0 JavaThread "Common-Cleaner" daemon [_thread_blocked, id=21252, stack(0x0000007214f00000,0x0000007215000000)]
  0x000001e117613cb0 JavaThread "JDWP Transport Listener: dt_socket" daemon [_thread_blocked, id=13880, stack(0x0000007215100000,0x0000007215200000)]
  0x000001e117630c10 JavaThread "JDWP Event Helper Thread" daemon [_thread_blocked, id=12452, stack(0x0000007215200000,0x0000007215300000)]
  0x000001e117635580 JavaThread "JDWP Command Reader" daemon [_thread_in_native, id=38288, stack(0x0000007215300000,0x0000007215400000)]
  0x000001e117da5660 JavaThread "Notification Thread" daemon [_thread_blocked, id=21664, stack(0x0000007215400000,0x0000007215500000)]
  0x000001e117f13fe0 JavaThread "RMI TCP Accept-0" daemon [_thread_in_native, id=24972, stack(0x0000007215600000,0x0000007215700000)]
  0x000001e117f0c1d0 JavaThread "RMI TCP Accept-55288" daemon [_thread_in_native, id=8752, stack(0x0000007215700000,0x0000007215800000)]
  0x000001e117efc730 JavaThread "RMI TCP Accept-0" daemon [_thread_in_native, id=15788, stack(0x0000007215800000,0x0000007215900000)]
  0x000001e117ff8020 JavaThread "RMI TCP Connection(1)-127.0.0.1" daemon [_thread_in_native, id=5848, stack(0x0000007215a00000,0x0000007215b00000)]
  0x000001e1180ebc80 JavaThread "RMI Scheduler(0)" daemon [_thread_blocked, id=27176, stack(0x0000007216400000,0x0000007216500000)]
  0x000001e1180ed610 JavaThread "RMI TCP Connection(2)-127.0.0.1" daemon [_thread_in_native, id=9972, stack(0x0000007216500000,0x0000007216600000)]
  0x000001e11813fc60 JavaThread "JMX server connection timeout 40" daemon [_thread_blocked, id=21648, stack(0x0000007216600000,0x0000007216700000)]
  0x000001e119106f20 JavaThread "Catalina-utility-1" [_thread_blocked, id=37944, stack(0x0000007216700000,0x0000007216800000)]
  0x000001e119107470 JavaThread "Catalina-utility-2" [_thread_blocked, id=30660, stack(0x0000007216b00000,0x0000007216c00000)]
  0x000001e1191079c0 JavaThread "container-0" [_thread_blocked, id=24852, stack(0x0000007216c00000,0x0000007216d00000)]
  0x000001e1191089b0 JavaThread "mysql-cj-abandoned-connection-cleanup" daemon [_thread_blocked, id=34116, stack(0x0000007216d00000,0x0000007216e00000)]
  0x000001e119109450 JavaThread "HikariPool-1 housekeeper" daemon [_thread_blocked, id=13396, stack(0x0000007216f00000,0x0000007217000000)]

Other Threads:
  0x000001e113292cb0 VMThread "VM Thread" [stack: 0x0000007214700000,0x0000007214800000] [id=25440] _threads_hazard_ptr=0x000001e119563fc0
  0x000001e1031f1c50 WatcherThread "VM Periodic Task Thread" [stack: 0x0000007215900000,0x0000007215a00000] [id=37316]
  0x000001e1032419a0 WorkerThread "GC Thread#0" [stack: 0x0000007214200000,0x0000007214300000] [id=15108]
  0x000001e117fdebc0 WorkerThread "GC Thread#1" [stack: 0x0000007215b00000,0x0000007215c00000] [id=8304]
  0x000001e1180e5920 WorkerThread "GC Thread#2" [stack: 0x0000007215c00000,0x0000007215d00000] [id=15512]
  0x000001e1180e6e60 WorkerThread "GC Thread#3" [stack: 0x0000007215d00000,0x0000007215e00000] [id=29008]
  0x000001e1180e6b90 WorkerThread "GC Thread#4" [stack: 0x0000007215e00000,0x0000007215f00000] [id=1620]
  0x000001e1180e7130 WorkerThread "GC Thread#5" [stack: 0x0000007215f00000,0x0000007216000000] [id=2176]
  0x000001e1180e7400 WorkerThread "GC Thread#6" [stack: 0x0000007216000000,0x0000007216100000] [id=27420]
  0x000001e1180e6320 WorkerThread "GC Thread#7" [stack: 0x0000007216100000,0x0000007216200000] [id=37932]
  0x000001e1180e68c0 WorkerThread "GC Thread#8" [stack: 0x0000007216200000,0x0000007216300000] [id=20704]
  0x000001e1180e7c70 WorkerThread "GC Thread#9" [stack: 0x0000007216300000,0x0000007216400000] [id=23288]
  0x000001e10324e2f0 ConcurrentGCThread "G1 Main Marker" [stack: 0x0000007214300000,0x0000007214400000] [id=31100]
  0x000001e10324f560 WorkerThread "G1 Conc#0" [stack: 0x0000007214400000,0x0000007214500000] [id=10796]
  0x000001e118a9fb70 WorkerThread "G1 Conc#1" [stack: 0x0000007216900000,0x0000007216a00000] [id=22780]
  0x000001e118a9fe40 WorkerThread "G1 Conc#2" [stack: 0x0000007216a00000,0x0000007216b00000] [id=23364]
  0x000001e1131560e0 ConcurrentGCThread "G1 Refine#0" [stack: 0x0000007214500000,0x0000007214600000] [id=31024]
  0x000001e113156a80 ConcurrentGCThread "G1 Service" [stack: 0x0000007214600000,0x0000007214700000] [id=20500]

Threads with active compile tasks:

VM state: synchronizing (normal execution)

VM Mutex/Monitor currently owned by a thread:  ([mutex/lock_event])
[0x000001e1031eacb0] Threads_lock - owner thread: 0x000001e113292cb0

Heap address: 0x00000000a2600000, size: 1498 MB, Compressed Oops mode: 32-bit

CDS archive(s) mapped at: [0x0000000800000000-0x0000000800c60000-0x0000000800c60000), size 12976128, SharedBaseAddress: 0x0000000800000000, ArchiveRelocationMode: 0.
Compressed class space mapped at: 0x0000000801000000-0x0000000841000000, reserved size: 1073741824
Narrow klass base: 0x0000000800000000, Narrow klass shift: 0, Narrow klass range: 0x100000000

GC Precious Log:
 CardTable entry size: 512
 Card Set container configuration: InlinePtr #cards 5 size 8 Array Of Cards #cards 12 size 40 Howl #buckets 4 coarsen threshold 1843 Howl Bitmap #cards 512 size 80 coarsen threshold 460 Card regions per heap region 1 cards per card region 2048
 CPUs: 12 total, 12 available
 Memory: 5989M
 Large Page Support: Disabled
 NUMA Support: Disabled
 Compressed Oops: Enabled (32-bit)
 Heap Region Size: 1M
 Heap Min Capacity: 8M
 Heap Initial Capacity: 94M
 Heap Max Capacity: 1498M
 Pre-touch: Disabled
 Parallel Workers: 10
 Concurrent Workers: 3
 Concurrent Refinement Workers: 10
 Periodic GC: Disabled

Heap:
 garbage-first heap   total 71680K, used 39089K [0x00000000a2600000, 0x0000000100000000)
  region size 1024K, 19 young (19456K), 5 survivors (5120K)
 Metaspace       used 59767K, committed 60480K, reserved 1114112K
  class space    used 8257K, committed 8576K, reserved 1048576K

Heap Regions: E=young(eden), S=young(survivor), O=old, HS=humongous(starts), HC=humongous(continues), CS=collection set, F=free, OA=open archive, CA=closed archive, TAMS=top-at-mark-start, PB=parsable bottom
|   0|0x00000000a2600000, 0x00000000a2700000, 0x00000000a2700000|100%|HS|  |TAMS 0x00000000a2600000| PB 0x00000000a2600000| Complete 
|   1|0x00000000a2700000, 0x00000000a2800000, 0x00000000a2800000|100%| O|  |TAMS 0x00000000a2700000| PB 0x00000000a2700000| Untracked 
|   2|0x00000000a2800000, 0x00000000a2900000, 0x00000000a2900000|100%| O|  |TAMS 0x00000000a2800000| PB 0x00000000a2800000| Untracked 
|   3|0x00000000a2900000, 0x00000000a2a00000, 0x00000000a2a00000|100%| O|  |TAMS 0x00000000a2900000| PB 0x00000000a2900000| Complete 
|   4|0x00000000a2a00000, 0x00000000a2b00000, 0x00000000a2b00000|100%| O|  |TAMS 0x00000000a2a00000| PB 0x00000000a2a00000| Untracked 
|   5|0x00000000a2b00000, 0x00000000a2c00000, 0x00000000a2c00000|100%| O|  |TAMS 0x00000000a2b00000| PB 0x00000000a2b00000| Untracked 
|   6|0x00000000a2c00000, 0x00000000a2d00000, 0x00000000a2d00000|100%| O|  |TAMS 0x00000000a2c00000| PB 0x00000000a2c00000| Untracked 
|   7|0x00000000a2d00000, 0x00000000a2e00000, 0x00000000a2e00000|100%| O|  |TAMS 0x00000000a2d00000| PB 0x00000000a2d00000| Untracked 
|   8|0x00000000a2e00000, 0x00000000a2f00000, 0x00000000a2f00000|100%| O|  |TAMS 0x00000000a2e00000| PB 0x00000000a2e00000| Untracked 
|   9|0x00000000a2f00000, 0x00000000a3000000, 0x00000000a3000000|100%| O|  |TAMS 0x00000000a2f00000| PB 0x00000000a2f00000| Untracked 
|  10|0x00000000a3000000, 0x00000000a3100000, 0x00000000a3100000|100%| O|  |TAMS 0x00000000a3000000| PB 0x00000000a3000000| Untracked 
|  11|0x00000000a3100000, 0x00000000a3200000, 0x00000000a3200000|100%| O|  |TAMS 0x00000000a3100000| PB 0x00000000a3100000| Untracked 
|  12|0x00000000a3200000, 0x00000000a3300000, 0x00000000a3300000|100%| O|  |TAMS 0x00000000a3200000| PB 0x00000000a3200000| Untracked 
|  13|0x00000000a3300000, 0x00000000a3400000, 0x00000000a3400000|100%| O|  |TAMS 0x00000000a3300000| PB 0x00000000a3300000| Untracked 
|  14|0x00000000a3400000, 0x00000000a3500000, 0x00000000a3500000|100%| O|  |TAMS 0x00000000a3400000| PB 0x00000000a3400000| Untracked 
|  15|0x00000000a3500000, 0x00000000a3600000, 0x00000000a3600000|100%| O|  |TAMS 0x00000000a3500000| PB 0x00000000a3500000| Untracked 
|  16|0x00000000a3600000, 0x00000000a3700000, 0x00000000a3700000|100%| O|  |TAMS 0x00000000a3600000| PB 0x00000000a3600000| Untracked 
|  17|0x00000000a3700000, 0x00000000a3800000, 0x00000000a3800000|100%| O|  |TAMS 0x00000000a3700000| PB 0x00000000a3700000| Untracked 
|  18|0x00000000a3800000, 0x00000000a3900000, 0x00000000a3900000|100%| O|  |TAMS 0x00000000a3800000| PB 0x00000000a3800000| Untracked 
|  19|0x00000000a3900000, 0x00000000a3a00000, 0x00000000a3a00000|100%| O|  |TAMS 0x00000000a3900000| PB 0x00000000a3900000| Untracked 
|  20|0x00000000a3a00000, 0x00000000a3aaf200, 0x00000000a3b00000| 68%| O|  |TAMS 0x00000000a3a00000| PB 0x00000000a3a00000| Untracked 
|  21|0x00000000a3b00000, 0x00000000a3b00000, 0x00000000a3c00000|  0%| F|  |TAMS 0x00000000a3b00000| PB 0x00000000a3b00000| Untracked 
|  22|0x00000000a3c00000, 0x00000000a3c00000, 0x00000000a3d00000|  0%| F|  |TAMS 0x00000000a3c00000| PB 0x00000000a3c00000| Untracked 
|  23|0x00000000a3d00000, 0x00000000a3d7d300, 0x00000000a3e00000| 48%| S|CS|TAMS 0x00000000a3d00000| PB 0x00000000a3d00000| Complete 
|  24|0x00000000a3e00000, 0x00000000a3f00000, 0x00000000a3f00000|100%| S|CS|TAMS 0x00000000a3e00000| PB 0x00000000a3e00000| Complete 
|  25|0x00000000a3f00000, 0x00000000a4000000, 0x00000000a4000000|100%| S|CS|TAMS 0x00000000a3f00000| PB 0x00000000a3f00000| Complete 
|  26|0x00000000a4000000, 0x00000000a4100000, 0x00000000a4100000|100%| S|CS|TAMS 0x00000000a4000000| PB 0x00000000a4000000| Complete 
|  27|0x00000000a4100000, 0x00000000a4200000, 0x00000000a4200000|100%| S|CS|TAMS 0x00000000a4100000| PB 0x00000000a4100000| Complete 
|  28|0x00000000a4200000, 0x00000000a4200000, 0x00000000a4300000|  0%| F|  |TAMS 0x00000000a4200000| PB 0x00000000a4200000| Untracked 
|  29|0x00000000a4300000, 0x00000000a4300000, 0x00000000a4400000|  0%| F|  |TAMS 0x00000000a4300000| PB 0x00000000a4300000| Untracked 
|  30|0x00000000a4400000, 0x00000000a4400000, 0x00000000a4500000|  0%| F|  |TAMS 0x00000000a4400000| PB 0x00000000a4400000| Untracked 
|  31|0x00000000a4500000, 0x00000000a4500000, 0x00000000a4600000|  0%| F|  |TAMS 0x00000000a4500000| PB 0x00000000a4500000| Untracked 
|  32|0x00000000a4600000, 0x00000000a4600000, 0x00000000a4700000|  0%| F|  |TAMS 0x00000000a4600000| PB 0x00000000a4600000| Untracked 
|  33|0x00000000a4700000, 0x00000000a4700000, 0x00000000a4800000|  0%| F|  |TAMS 0x00000000a4700000| PB 0x00000000a4700000| Untracked 
|  34|0x00000000a4800000, 0x00000000a4800000, 0x00000000a4900000|  0%| F|  |TAMS 0x00000000a4800000| PB 0x00000000a4800000| Untracked 
|  35|0x00000000a4900000, 0x00000000a4900000, 0x00000000a4a00000|  0%| F|  |TAMS 0x00000000a4900000| PB 0x00000000a4900000| Untracked 
|  36|0x00000000a4a00000, 0x00000000a4a00000, 0x00000000a4b00000|  0%| F|  |TAMS 0x00000000a4a00000| PB 0x00000000a4a00000| Untracked 
|  37|0x00000000a4b00000, 0x00000000a4b00000, 0x00000000a4c00000|  0%| F|  |TAMS 0x00000000a4b00000| PB 0x00000000a4b00000| Untracked 
|  38|0x00000000a4c00000, 0x00000000a4c00000, 0x00000000a4d00000|  0%| F|  |TAMS 0x00000000a4c00000| PB 0x00000000a4c00000| Untracked 
|  39|0x00000000a4d00000, 0x00000000a4d00000, 0x00000000a4e00000|  0%| F|  |TAMS 0x00000000a4d00000| PB 0x00000000a4d00000| Untracked 
|  40|0x00000000a4e00000, 0x00000000a4e00000, 0x00000000a4f00000|  0%| F|  |TAMS 0x00000000a4e00000| PB 0x00000000a4e00000| Untracked 
|  41|0x00000000a4f00000, 0x00000000a4f00000, 0x00000000a5000000|  0%| F|  |TAMS 0x00000000a4f00000| PB 0x00000000a4f00000| Untracked 
|  42|0x00000000a5000000, 0x00000000a5000000, 0x00000000a5100000|  0%| F|  |TAMS 0x00000000a5000000| PB 0x00000000a5000000| Untracked 
|  43|0x00000000a5100000, 0x00000000a5100000, 0x00000000a5200000|  0%| F|  |TAMS 0x00000000a5100000| PB 0x00000000a5100000| Untracked 
|  44|0x00000000a5200000, 0x00000000a5200000, 0x00000000a5300000|  0%| F|  |TAMS 0x00000000a5200000| PB 0x00000000a5200000| Untracked 
|  45|0x00000000a5300000, 0x00000000a5300000, 0x00000000a5400000|  0%| F|  |TAMS 0x00000000a5300000| PB 0x00000000a5300000| Untracked 
|  46|0x00000000a5400000, 0x00000000a5400000, 0x00000000a5500000|  0%| F|  |TAMS 0x00000000a5400000| PB 0x00000000a5400000| Untracked 
|  47|0x00000000a5500000, 0x00000000a5500000, 0x00000000a5600000|  0%| F|  |TAMS 0x00000000a5500000| PB 0x00000000a5500000| Untracked 
|  48|0x00000000a5600000, 0x00000000a5600000, 0x00000000a5700000|  0%| F|  |TAMS 0x00000000a5600000| PB 0x00000000a5600000| Untracked 
|  49|0x00000000a5700000, 0x00000000a5700000, 0x00000000a5800000|  0%| F|  |TAMS 0x00000000a5700000| PB 0x00000000a5700000| Untracked 
|  50|0x00000000a5800000, 0x00000000a5800000, 0x00000000a5900000|  0%| F|  |TAMS 0x00000000a5800000| PB 0x00000000a5800000| Untracked 
|  51|0x00000000a5900000, 0x00000000a5900000, 0x00000000a5a00000|  0%| F|  |TAMS 0x00000000a5900000| PB 0x00000000a5900000| Untracked 
|  52|0x00000000a5a00000, 0x00000000a5a00000, 0x00000000a5b00000|  0%| F|  |TAMS 0x00000000a5a00000| PB 0x00000000a5a00000| Untracked 
|  53|0x00000000a5b00000, 0x00000000a5b00000, 0x00000000a5c00000|  0%| F|  |TAMS 0x00000000a5b00000| PB 0x00000000a5b00000| Untracked 
|  54|0x00000000a5c00000, 0x00000000a5c00000, 0x00000000a5d00000|  0%| F|  |TAMS 0x00000000a5c00000| PB 0x00000000a5c00000| Untracked 
|  55|0x00000000a5d00000, 0x00000000a5d00000, 0x00000000a5e00000|  0%| F|  |TAMS 0x00000000a5d00000| PB 0x00000000a5d00000| Untracked 
|  56|0x00000000a5e00000, 0x00000000a5e98258, 0x00000000a5f00000| 59%| E|  |TAMS 0x00000000a5e00000| PB 0x00000000a5e00000| Complete 
|  57|0x00000000a5f00000, 0x00000000a6000000, 0x00000000a6000000|100%| E|CS|TAMS 0x00000000a5f00000| PB 0x00000000a5f00000| Complete 
|  58|0x00000000a6000000, 0x00000000a6100000, 0x00000000a6100000|100%| E|CS|TAMS 0x00000000a6000000| PB 0x00000000a6000000| Complete 
|  59|0x00000000a6100000, 0x00000000a6200000, 0x00000000a6200000|100%| E|CS|TAMS 0x00000000a6100000| PB 0x00000000a6100000| Complete 
|  60|0x00000000a6200000, 0x00000000a6300000, 0x00000000a6300000|100%| E|CS|TAMS 0x00000000a6200000| PB 0x00000000a6200000| Complete 
|  61|0x00000000a6300000, 0x00000000a6400000, 0x00000000a6400000|100%| E|CS|TAMS 0x00000000a6300000| PB 0x00000000a6300000| Complete 
|  62|0x00000000a6400000, 0x00000000a6500000, 0x00000000a6500000|100%| E|CS|TAMS 0x00000000a6400000| PB 0x00000000a6400000| Complete 
|  63|0x00000000a6500000, 0x00000000a6600000, 0x00000000a6600000|100%| E|CS|TAMS 0x00000000a6500000| PB 0x00000000a6500000| Complete 
|  64|0x00000000a6600000, 0x00000000a6700000, 0x00000000a6700000|100%| E|CS|TAMS 0x00000000a6600000| PB 0x00000000a6600000| Complete 
|  65|0x00000000a6700000, 0x00000000a6800000, 0x00000000a6800000|100%| E|CS|TAMS 0x00000000a6700000| PB 0x00000000a6700000| Complete 
|  66|0x00000000a6800000, 0x00000000a6900000, 0x00000000a6900000|100%| E|CS|TAMS 0x00000000a6800000| PB 0x00000000a6800000| Complete 
|  67|0x00000000a6900000, 0x00000000a6a00000, 0x00000000a6a00000|100%| E|CS|TAMS 0x00000000a6900000| PB 0x00000000a6900000| Complete 
|  68|0x00000000a6a00000, 0x00000000a6b00000, 0x00000000a6b00000|100%| E|CS|TAMS 0x00000000a6a00000| PB 0x00000000a6a00000| Complete 
|  93|0x00000000a8300000, 0x00000000a8400000, 0x00000000a8400000|100%| E|CS|TAMS 0x00000000a8300000| PB 0x00000000a8300000| Complete 

Card table byte_map: [0x000001e10e8c0000,0x000001e10ebb0000] _byte_map_base: 0x000001e10e3ad000

Marking Bits: (CMBitMap*) 0x000001e103241ed0
 Bits: [0x000001e10eea0000, 0x000001e110608000)

Polling page: 0x000001e1029a0000

Metaspace:

Usage:
  Non-class:     50.30 MB used.
      Class:      8.06 MB used.
       Both:     58.37 MB used.

Virtual space:
  Non-class space:       64.00 MB reserved,      50.69 MB ( 79%) committed,  1 nodes.
      Class space:        1.00 GB reserved,       8.38 MB ( <1%) committed,  1 nodes.
             Both:        1.06 GB reserved,      59.06 MB (  5%) committed. 

Chunk freelists:
   Non-Class:  1.02 MB
       Class:  3.62 MB
        Both:  4.64 MB

MaxMetaspaceSize: unlimited
CompressedClassSpaceSize: 1.00 GB
Initial GC threshold: 21.00 MB
Current GC threshold: 90.62 MB
CDS: on
MetaspaceReclaimPolicy: balanced
 - commit_granule_bytes: 65536.
 - commit_granule_words: 8192.
 - virtual_space_node_default_size: 8388608.
 - enlarge_chunks_in_place: 1.
 - new_chunks_are_fully_committed: 0.
 - uncommit_free_chunks: 1.
 - use_allocation_guard: 0.


Internal statistics:

num_allocs_failed_limit: 6.
num_arena_births: 906.
num_arena_deaths: 0.
num_vsnodes_births: 2.
num_vsnodes_deaths: 0.
num_space_committed: 945.
num_space_uncommitted: 0.
num_chunks_returned_to_freelist: 6.
num_chunks_taken_from_freelist: 3001.
num_chunk_merges: 6.
num_chunk_splits: 2194.
num_chunks_enlarged: 1689.
num_inconsistent_stats: 0.

CodeCache: size=49152Kb used=9937Kb max_used=11500Kb free=39214Kb
 bounds [0x000001e10b290000, 0x000001e10bdd0000, 0x000001e10e290000]
 total_blobs=5784 nmethods=5093 adapters=615
 compilation: enabled
              stopped_count=0, restarted_count=0
 full_count=0

Compilation events (20 events):
Event: 23.343 Thread 0x000001e1132c78d0 5154       1       jdk.internal.logger.LazyLoggers$LazyLoggerWrapper::wrapped (10 bytes)
Event: 23.344 Thread 0x000001e1132c78d0 nmethod 5154 0x000001e10b95bb90 code [0x000001e10b95bd20, 0x000001e10b95be48]
Event: 23.344 Thread 0x000001e1132c78d0 5155   !   1       jdk.internal.logger.LazyLoggers$LazyLoggerAccessor::wrapped (37 bytes)
Event: 23.344 Thread 0x000001e1132c78d0 nmethod 5155 0x000001e10b95b690 code [0x000001e10b95b840, 0x000001e10b95bad0]
Event: 23.344 Thread 0x000001e1132c78d0 5156       1       jdk.internal.logger.AbstractLoggerWrapper::isLoggable (11 bytes)
Event: 23.344 Thread 0x000001e1132c78d0 nmethod 5156 0x000001e10b95b310 code [0x000001e10b95b4a0, 0x000001e10b95b5c0]
Event: 23.924 Thread 0x000001e1132c78d0 5157       1       java.util.concurrent.locks.ReentrantReadWriteLock$Sync::exclusiveCount (5 bytes)
Event: 23.924 Thread 0x000001e1132c78d0 nmethod 5157 0x000001e10b95b010 code [0x000001e10b95b180, 0x000001e10b95b230]
Event: 23.968 Thread 0x000001e1132c78d0 5158       1       java.lang.ClassLoader::getResource (41 bytes)
Event: 23.969 Thread 0x000001e1132c78d0 nmethod 5158 0x000001e10b95ab10 code [0x000001e10b95acc0, 0x000001e10b95aed0]
Event: 24.451 Thread 0x000001e1132c78d0 5159   !   1       java.io.ObjectInputStream::readObject0 (681 bytes)
Event: 24.453 Thread 0x000001e1132c78d0 nmethod 5159 0x000001e10b957010 code [0x000001e10b9575e0, 0x000001e10b959108]
Event: 24.453 Thread 0x000001e1132c78d0 5160       1       java.io.ObjectInputStream$HandleTable::markDependency (175 bytes)
Event: 24.453 Thread 0x000001e1132c78d0 nmethod 5160 0x000001e10b956490 code [0x000001e10b9566a0, 0x000001e10b956c78]
Event: 25.003 Thread 0x000001e1132c78d0 5161       1       javax.management.ObjectName::addProperty (80 bytes)
Event: 25.003 Thread 0x000001e1132c78d0 nmethod 5161 0x000001e10b955b10 code [0x000001e10b955d00, 0x000001e10b956200]
Event: 25.506 Thread 0x000001e1132c78d0 5162   !   1       java.io.ObjectInputStream::readObject (160 bytes)
Event: 25.507 Thread 0x000001e1132c78d0 nmethod 5162 0x000001e10b954d90 code [0x000001e10b954fa0, 0x000001e10b9554c8]
Event: 25.507 Thread 0x000001e1132c78d0 5163       1       java.io.ObjectInputStream$BlockDataInputStream::currentBlockRemaining (41 bytes)
Event: 25.507 Thread 0x000001e1132c78d0 nmethod 5163 0x000001e10b954990 code [0x000001e10b954b20, 0x000001e10b954cc8]

GC Heap History (20 events):
Event: 4.139 GC heap before
{Heap before GC invocations=11 (full 0):
 garbage-first heap   total 49152K, used 42577K [0x00000000a2600000, 0x0000000100000000)
  region size 1024K, 27 young (27648K), 3 survivors (3072K)
 Metaspace       used 32068K, committed 32640K, reserved 1114112K
  class space    used 4231K, committed 4480K, reserved 1048576K
}
Event: 4.142 GC heap after
{Heap after GC invocations=12 (full 0):
 garbage-first heap   total 59392K, used 18633K [0x00000000a2600000, 0x0000000100000000)
  region size 1024K, 2 young (2048K), 2 survivors (2048K)
 Metaspace       used 32068K, committed 32640K, reserved 1114112K
  class space    used 4231K, committed 4480K, reserved 1048576K
}
Event: 4.256 GC heap before
{Heap before GC invocations=12 (full 0):
 garbage-first heap   total 59392K, used 25801K [0x00000000a2600000, 0x0000000100000000)
  region size 1024K, 10 young (10240K), 2 survivors (2048K)
 Metaspace       used 32704K, committed 33280K, reserved 1114112K
  class space    used 4324K, committed 4608K, reserved 1048576K
}
Event: 4.259 GC heap after
{Heap after GC invocations=13 (full 0):
 garbage-first heap   total 59392K, used 18792K [0x00000000a2600000, 0x0000000100000000)
  region size 1024K, 2 young (2048K), 2 survivors (2048K)
 Metaspace       used 32704K, committed 33280K, reserved 1114112K
  class space    used 4324K, committed 4608K, reserved 1048576K
}
Event: 4.599 GC heap before
{Heap before GC invocations=14 (full 0):
 garbage-first heap   total 59392K, used 51560K [0x00000000a2600000, 0x0000000100000000)
  region size 1024K, 34 young (34816K), 2 survivors (2048K)
 Metaspace       used 35827K, committed 36352K, reserved 1114112K
  class space    used 4819K, committed 5056K, reserved 1048576K
}
Event: 4.601 GC heap after
{Heap after GC invocations=15 (full 0):
 garbage-first heap   total 59392K, used 19277K [0x00000000a2600000, 0x0000000100000000)
  region size 1024K, 3 young (3072K), 3 survivors (3072K)
 Metaspace       used 35827K, committed 36352K, reserved 1114112K
  class space    used 4819K, committed 5056K, reserved 1048576K
}
Event: 4.917 GC heap before
{Heap before GC invocations=15 (full 0):
 garbage-first heap   total 59392K, used 51021K [0x00000000a2600000, 0x0000000100000000)
  region size 1024K, 34 young (34816K), 3 survivors (3072K)
 Metaspace       used 38797K, committed 39360K, reserved 1114112K
  class space    used 5267K, committed 5504K, reserved 1048576K
}
Event: 4.921 GC heap after
{Heap after GC invocations=16 (full 0):
 garbage-first heap   total 59392K, used 20192K [0x00000000a2600000, 0x0000000100000000)
  region size 1024K, 4 young (4096K), 4 survivors (4096K)
 Metaspace       used 38797K, committed 39360K, reserved 1114112K
  class space    used 5267K, committed 5504K, reserved 1048576K
}
Event: 5.228 GC heap before
{Heap before GC invocations=16 (full 0):
 garbage-first heap   total 59392K, used 49888K [0x00000000a2600000, 0x0000000100000000)
  region size 1024K, 33 young (33792K), 4 survivors (4096K)
 Metaspace       used 41953K, committed 42560K, reserved 1114112K
  class space    used 5668K, committed 5952K, reserved 1048576K
}
Event: 5.232 GC heap after
{Heap after GC invocations=17 (full 0):
 garbage-first heap   total 59392K, used 21191K [0x00000000a2600000, 0x0000000100000000)
  region size 1024K, 4 young (4096K), 4 survivors (4096K)
 Metaspace       used 41953K, committed 42560K, reserved 1114112K
  class space    used 5668K, committed 5952K, reserved 1048576K
}
Event: 5.517 GC heap before
{Heap before GC invocations=17 (full 0):
 garbage-first heap   total 59392K, used 49863K [0x00000000a2600000, 0x0000000100000000)
  region size 1024K, 32 young (32768K), 4 survivors (4096K)
 Metaspace       used 44758K, committed 45376K, reserved 1114112K
  class space    used 6034K, committed 6336K, reserved 1048576K
}
Event: 5.521 GC heap after
{Heap after GC invocations=18 (full 0):
 garbage-first heap   total 71680K, used 22219K [0x00000000a2600000, 0x0000000100000000)
  region size 1024K, 4 young (4096K), 4 survivors (4096K)
 Metaspace       used 44758K, committed 45376K, reserved 1114112K
  class space    used 6034K, committed 6336K, reserved 1048576K
}
Event: 5.900 GC heap before
{Heap before GC invocations=18 (full 0):
 garbage-first heap   total 71680K, used 60107K [0x00000000a2600000, 0x0000000100000000)
  region size 1024K, 42 young (43008K), 4 survivors (4096K)
 Metaspace       used 49633K, committed 50240K, reserved 1114112K
  class space    used 6707K, committed 6976K, reserved 1048576K
}
Event: 5.903 GC heap after
{Heap after GC invocations=19 (full 0):
 garbage-first heap   total 71680K, used 22806K [0x00000000a2600000, 0x0000000100000000)
  region size 1024K, 4 young (4096K), 4 survivors (4096K)
 Metaspace       used 49633K, committed 50240K, reserved 1114112K
  class space    used 6707K, committed 6976K, reserved 1048576K
}
Event: 6.289 GC heap before
{Heap before GC invocations=19 (full 0):
 garbage-first heap   total 71680K, used 61718K [0x00000000a2600000, 0x0000000100000000)
  region size 1024K, 42 young (43008K), 4 survivors (4096K)
 Metaspace       used 53177K, committed 53824K, reserved 1114112K
  class space    used 7320K, committed 7616K, reserved 1048576K
}
Event: 6.293 GC heap after
{Heap after GC invocations=20 (full 0):
 garbage-first heap   total 71680K, used 23647K [0x00000000a2600000, 0x0000000100000000)
  region size 1024K, 4 young (4096K), 4 survivors (4096K)
 Metaspace       used 53177K, committed 53824K, reserved 1114112K
  class space    used 7320K, committed 7616K, reserved 1048576K
}
Event: 6.466 GC heap before
{Heap before GC invocations=20 (full 0):
 garbage-first heap   total 71680K, used 41055K [0x00000000a2600000, 0x0000000100000000)
  region size 1024K, 22 young (22528K), 4 survivors (4096K)
 Metaspace       used 54982K, committed 55616K, reserved 1114112K
  class space    used 7579K, committed 7872K, reserved 1048576K
}
Event: 6.469 GC heap after
{Heap after GC invocations=21 (full 0):
 garbage-first heap   total 71680K, used 23993K [0x00000000a2600000, 0x0000000100000000)
  region size 1024K, 3 young (3072K), 3 survivors (3072K)
 Metaspace       used 54982K, committed 55616K, reserved 1114112K
  class space    used 7579K, committed 7872K, reserved 1048576K
}
Event: 6.909 GC heap before
{Heap before GC invocations=22 (full 0):
 garbage-first heap   total 71680K, used 63929K [0x00000000a2600000, 0x0000000100000000)
  region size 1024K, 42 young (43008K), 3 survivors (3072K)
 Metaspace       used 58467K, committed 59200K, reserved 1114112K
  class space    used 8075K, committed 8384K, reserved 1048576K
}
Event: 6.912 GC heap after
{Heap after GC invocations=23 (full 0):
 garbage-first heap   total 71680K, used 25777K [0x00000000a2600000, 0x0000000100000000)
  region size 1024K, 5 young (5120K), 5 survivors (5120K)
 Metaspace       used 58467K, committed 59200K, reserved 1114112K
  class space    used 8075K, committed 8384K, reserved 1048576K
}

Dll operation events (13 events):
Event: 0.018 Loaded shared library C:\Program Files\Java\jdk-20\bin\java.dll
Event: 0.029 Loaded shared library C:\Program Files\Java\jdk-20\bin\jsvml.dll
Event: 0.338 Loaded shared library C:\Program Files\Java\jdk-20\bin\zip.dll
Event: 0.344 Loaded shared library C:\Program Files\Java\jdk-20\bin\instrument.dll
Event: 0.352 Loaded shared library C:\Program Files\Java\jdk-20\bin\net.dll
Event: 0.355 Loaded shared library C:\Program Files\Java\jdk-20\bin\nio.dll
Event: 0.362 Loaded shared library C:\Program Files\Java\jdk-20\bin\zip.dll
Event: 0.534 Loaded shared library C:\Program Files\Java\jdk-20\bin\jimage.dll
Event: 0.583 Loaded shared library C:\Program Files\Java\jdk-20\bin\management.dll
Event: 0.593 Loaded shared library C:\Program Files\Java\jdk-20\bin\management_ext.dll
Event: 0.901 Loaded shared library C:\Program Files\Java\jdk-20\bin\extnet.dll
Event: 0.925 Loaded shared library C:\Program Files\Java\jdk-20\bin\verify.dll
Event: 2.266 Loaded shared library C:\Program Files\Java\jdk-20\bin\sunmscapi.dll

Deoptimization events (20 events):
Event: 21.834 Thread 0x000001e1180ed610 DEOPT PACKING pc=0x000001e10bc5319c sp=0x00000072165febb0
Event: 21.834 Thread 0x000001e1180ed610 DEOPT UNPACKING pc=0x000001e10b2fa4c2 sp=0x00000072165fe0f0 mode 1
Event: 22.337 Thread 0x000001e1180ed610 DEOPT PACKING pc=0x000001e10bc5319c sp=0x00000072165febb0
Event: 22.337 Thread 0x000001e1180ed610 DEOPT UNPACKING pc=0x000001e10b2fa4c2 sp=0x00000072165fe0f0 mode 1
Event: 22.840 Thread 0x000001e1180ed610 DEOPT PACKING pc=0x000001e10bc5319c sp=0x00000072165febb0
Event: 22.840 Thread 0x000001e1180ed610 DEOPT UNPACKING pc=0x000001e10b2fa4c2 sp=0x00000072165fe0f0 mode 1
Event: 23.344 Thread 0x000001e1180ed610 DEOPT PACKING pc=0x000001e10bc5319c sp=0x00000072165febb0
Event: 23.344 Thread 0x000001e1180ed610 DEOPT UNPACKING pc=0x000001e10b2fa4c2 sp=0x00000072165fe0f0 mode 1
Event: 23.896 Thread 0x000001e1180ed610 DEOPT PACKING pc=0x000001e10bc5319c sp=0x00000072165febb0
Event: 23.896 Thread 0x000001e1180ed610 DEOPT UNPACKING pc=0x000001e10b2fa4c2 sp=0x00000072165fe0f0 mode 1
Event: 24.451 Thread 0x000001e1180ed610 DEOPT PACKING pc=0x000001e10bc5319c sp=0x00000072165febb0
Event: 24.451 Thread 0x000001e1180ed610 DEOPT UNPACKING pc=0x000001e10b2fa4c2 sp=0x00000072165fe0f0 mode 1
Event: 25.003 Thread 0x000001e1180ed610 DEOPT PACKING pc=0x000001e10bc5319c sp=0x00000072165febb0
Event: 25.003 Thread 0x000001e1180ed610 DEOPT UNPACKING pc=0x000001e10b2fa4c2 sp=0x00000072165fe0f0 mode 1
Event: 25.507 Thread 0x000001e1180ed610 DEOPT PACKING pc=0x000001e10bc5319c sp=0x00000072165febb0
Event: 25.507 Thread 0x000001e1180ed610 DEOPT UNPACKING pc=0x000001e10b2fa4c2 sp=0x00000072165fe0f0 mode 1
Event: 26.009 Thread 0x000001e1180ed610 DEOPT PACKING pc=0x000001e10bc5319c sp=0x00000072165febb0
Event: 26.010 Thread 0x000001e1180ed610 DEOPT UNPACKING pc=0x000001e10b2fa4c2 sp=0x00000072165fe0f0 mode 1
Event: 26.111 Thread 0x000001e1031ef1a0 DEOPT PACKING pc=0x000001e10b7cf914 sp=0x00000072141fe580
Event: 26.111 Thread 0x000001e1031ef1a0 DEOPT UNPACKING pc=0x000001e10b2fa4c2 sp=0x00000072141fda38 mode 0

Classes loaded (20 events):
Event: 6.863 Loading class java/util/WeakHashMap$EntryIterator
Event: 6.863 Loading class java/util/WeakHashMap$EntryIterator done
Event: 6.896 Loading class java/lang/Package$1PackageInfoProxy
Event: 6.896 Loading class java/lang/Package$1PackageInfoProxy done
Event: 6.938 Loading class java/util/stream/ReduceOps$5
Event: 6.938 Loading class java/util/stream/ReduceOps$5 done
Event: 6.938 Loading class java/util/stream/ReduceOps$CountingSink$OfRef
Event: 6.938 Loading class java/util/stream/ReduceOps$CountingSink
Event: 6.939 Loading class java/util/stream/ReduceOps$CountingSink done
Event: 6.939 Loading class java/util/stream/ReduceOps$CountingSink$OfRef done
Event: 6.975 Loading class java/lang/Character$UnicodeBlock
Event: 6.976 Loading class java/lang/Character$Subset
Event: 6.976 Loading class java/lang/Character$Subset done
Event: 6.976 Loading class java/lang/Character$UnicodeBlock done
Event: 6.985 Loading class java/util/regex/Pattern$1
Event: 6.985 Loading class java/util/regex/Pattern$1 done
Event: 7.014 Loading class java/util/regex/Pattern$Bound
Event: 7.014 Loading class java/util/regex/Pattern$Bound done
Event: 7.015 Loading class java/util/regex/Pattern$Behind
Event: 7.015 Loading class java/util/regex/Pattern$Behind done

Classes unloaded (0 events):
No events

Classes redefined (1 events):
Event: 26.129 Thread 0x000001e113292cb0 redefined class name=PetStore.PetStore.Controller.ProductController, count=1

Internal exceptions (20 events):
Event: 6.309 Thread 0x000001e1031ef1a0 Exception <a 'java/lang/NoSuchMethodError'{0x00000000a6a6eb18}: 'java.lang.Object java.lang.invoke.DirectMethodHandle$Holder.newInvokeSpecial(java.lang.Object, java.lang.Object, int)'> (0x00000000a6a6eb18) 
thrown [s\open\src\hotspot\share\interpreter\linkResolver.cpp, line 773]
Event: 6.309 Thread 0x000001e1031ef1a0 Exception <a 'java/lang/IncompatibleClassChangeError'{0x00000000a6a72338}: Found class java.lang.Object, but interface was expected> (0x00000000a6a72338) 
thrown [s\open\src\hotspot\share\interpreter\linkResolver.cpp, line 840]
Event: 6.349 Thread 0x000001e1031ef1a0 Exception <a 'java/lang/NoSuchMethodError'{0x00000000a6522bb0}: 'java.lang.Object java.lang.invoke.DirectMethodHandle$Holder.newInvokeSpecial(java.lang.Object, java.lang.Object, java.lang.Object, java.lang.Object, java.lang.Object, int, java.lang.Object)'> (0x00000000a6522bb0) 
thrown [s\open\src\hotspot\share\interpreter\linkResolver.cpp, line 773]
Event: 6.353 Thread 0x000001e1031ef1a0 Exception <a 'java/lang/NoSuchMethodError'{0x00000000a657a650}: 'java.lang.Object java.lang.invoke.DirectMethodHandle$Holder.newInvokeSpecial(java.lang.Object, java.lang.Object, java.lang.Object, java.lang.Object, java.lang.Object, java.lang.Object, java.lang.Object, java.lang.Object, java.lang.Object, java.lang.Object, java.lang.Object, java.lang.Object)'> (0x00000000a657a650) 
thrown [s\open\src\hotspot\share\interpreter\linkResolver.cpp, line 773]
Event: 6.353 Thread 0x000001e1031ef1a0 Exception <a 'java/lang/NoSuchMethodError'{0x00000000a657eee8}: 'java.lang.Object java.lang.invoke.DirectMethodHandle$Holder.invokeSpecial(java.lang.Object, java.lang.Object, java.lang.Object, java.lang.Object, java.lang.Object, java.lang.Object, java.lang.Object, java.lang.Object, java.lang.Object, java.lang.Object, java.lang.Object, java.lang.Object, java.lang.Object)'> (0x00000000a657eee8) 
thrown [s\open\src\hotspot\share\interpreter\linkResolver.cpp, line 773]
Event: 6.353 Thread 0x000001e1031ef1a0 Exception <a 'java/lang/NoSuchMethodError'{0x00000000a65833c0}: 'java.lang.Object java.lang.invoke.Invokers$Holder.linkToTargetMethod(java.lang.Object, java.lang.Object, java.lang.Object, java.lang.Object, java.lang.Object, java.lang.Object, java.lang.Object, java.lang.Object, java.lang.Object, java.lang.Object, java.lang.Object, java.lang.Object)'> (0x00000000a65833c0) 
thrown [s\open\src\hotspot\share\interpreter\linkResolver.cpp, line 773]
Event: 6.406 Thread 0x000001e1031ef1a0 Exception <a 'java/lang/IncompatibleClassChangeError'{0x00000000a60552f8}: Found class java.lang.Object, but interface was expected> (0x00000000a60552f8) 
thrown [s\open\src\hotspot\share\interpreter\linkResolver.cpp, line 840]
Event: 6.432 Thread 0x000001e1031ef1a0 Exception <a 'java/lang/NoSuchMethodError'{0x00000000a5e049d0}: 'java.lang.Object java.lang.invoke.DirectMethodHandle$Holder.newInvokeSpecial(java.lang.Object, java.lang.Object, int, java.lang.Object, int, java.lang.Object, java.lang.Object)'> (0x00000000a5e049d0) 
thrown [s\open\src\hotspot\share\interpreter\linkResolver.cpp, line 773]
Event: 6.443 Thread 0x000001e1031ef1a0 Exception <a 'java/lang/NoSuchMethodError'{0x00000000a5d16640}: 'java.lang.Object java.lang.invoke.DirectMethodHandle$Holder.newInvokeSpecial(java.lang.Object, java.lang.Object, java.lang.Object, java.lang.Object, java.lang.Object, java.lang.Object, java.lang.Object, int)'> (0x00000000a5d16640) 
thrown [s\open\src\hotspot\share\interpreter\linkResolver.cpp, line 773]
Event: 6.443 Thread 0x000001e1031ef1a0 Exception <a 'java/lang/NoSuchMethodError'{0x00000000a5d1aba0}: 'java.lang.Object java.lang.invoke.DirectMethodHandle$Holder.invokeSpecial(java.lang.Object, java.lang.Object, java.lang.Object, java.lang.Object, java.lang.Object, java.lang.Object, java.lang.Object, java.lang.Object, int)'> (0x00000000a5d1aba0) 
thrown [s\open\src\hotspot\share\interpreter\linkResolver.cpp, line 773]
Event: 6.443 Thread 0x000001e1031ef1a0 Exception <a 'java/lang/NoSuchMethodError'{0x00000000a5d1ebb8}: 'java.lang.Object java.lang.invoke.Invokers$Holder.linkToTargetMethod(java.lang.Object, java.lang.Object, java.lang.Object, java.lang.Object, java.lang.Object, java.lang.Object, int, java.lang.Object)'> (0x00000000a5d1ebb8) 
thrown [s\open\src\hotspot\share\interpreter\linkResolver.cpp, line 773]
Event: 6.459 Thread 0x000001e1031ef1a0 Exception <a 'java/lang/NoSuchMethodError'{0x00000000a5b1f378}: 'void java.lang.invoke.DirectMethodHandle$Holder.invokeInterface(java.lang.Object, java.lang.Object)'> (0x00000000a5b1f378) 
thrown [s\open\src\hotspot\share\interpreter\linkResolver.cpp, line 773]
Event: 6.622 Thread 0x000001e1031ef1a0 Exception <a 'java/lang/NoSuchMethodError'{0x00000000a600b858}: 'java.lang.Object java.lang.invoke.DirectMethodHandle$Holder.invokeSpecial(java.lang.Object, java.lang.Object, int, java.lang.Object, int)'> (0x00000000a600b858) 
thrown [s\open\src\hotspot\share\interpreter\linkResolver.cpp, line 773]
Event: 6.636 Thread 0x000001e1031ef1a0 Exception <a 'java/lang/NoSuchMethodError'{0x00000000a5f3aa68}: 'void java.lang.invoke.Invokers$Holder.invokeExact_MT(java.lang.Object, java.lang.Object, java.lang.Object, java.lang.Object)'> (0x00000000a5f3aa68) 
thrown [s\open\src\hotspot\share\interpreter\linkResolver.cpp, line 773]
Event: 6.688 Thread 0x000001e1031ef1a0 Exception <a 'java/lang/IncompatibleClassChangeError'{0x00000000a5aeb130}: Found class java.lang.Object, but interface was expected> (0x00000000a5aeb130) 
thrown [s\open\src\hotspot\share\interpreter\linkResolver.cpp, line 840]
Event: 6.702 Thread 0x000001e1031ef1a0 Exception <a 'java/lang/IncompatibleClassChangeError'{0x00000000a56b3578}: Found class java.lang.Object, but interface was expected> (0x00000000a56b3578) 
thrown [s\open\src\hotspot\share\interpreter\linkResolver.cpp, line 840]
Event: 6.740 Thread 0x000001e1031ef1a0 Exception <a 'java/lang/IncompatibleClassChangeError'{0x00000000a525b4f0}: Found class java.lang.Object, but interface was expected> (0x00000000a525b4f0) 
thrown [s\open\src\hotspot\share\interpreter\linkResolver.cpp, line 840]
Event: 6.890 Thread 0x000001e1031ef1a0 Exception <a 'java/lang/IncompatibleClassChangeError'{0x00000000a435e668}: Found class java.lang.Object, but interface was expected> (0x00000000a435e668) 
thrown [s\open\src\hotspot\share\interpreter\linkResolver.cpp, line 840]
Event: 6.988 Thread 0x000001e1031ef1a0 Exception <a 'java/lang/IncompatibleClassChangeError'{0x00000000a653ae48}: Found class java.lang.Object, but interface was expected> (0x00000000a653ae48) 
thrown [s\open\src\hotspot\share\interpreter\linkResolver.cpp, line 840]
Event: 7.033 Thread 0x000001e1031ef1a0 Exception <a 'java/lang/NoSuchMethodError'{0x00000000a60a91e8}: 'java.lang.Object java.lang.invoke.DirectMethodHandle$Holder.invokeStatic(java.lang.Object, int, java.lang.Object)'> (0x00000000a60a91e8) 
thrown [s\open\src\hotspot\share\interpreter\linkResolver.cpp, line 773]

VM Operations (20 events):
Event: 7.245 Executing VM operation: get/set locals
Event: 7.245 Executing VM operation: get/set locals done
Event: 7.246 Executing VM operation: get/set locals
Event: 7.246 Executing VM operation: get/set locals done
Event: 17.320 Executing VM operation: Cleanup
Event: 17.320 Executing VM operation: Cleanup done
Event: 21.354 Executing VM operation: Cleanup
Event: 21.354 Executing VM operation: Cleanup done
Event: 22.366 Executing VM operation: Cleanup
Event: 22.366 Executing VM operation: Cleanup done
Event: 24.366 Executing VM operation: Cleanup
Event: 24.366 Executing VM operation: Cleanup done
Event: 26.110 Executing VM operation: ChangeSingleStep
Event: 26.110 Executing VM operation: ChangeSingleStep done
Event: 26.111 Executing VM operation: ChangeSingleStep
Event: 26.111 Executing VM operation: ChangeSingleStep done
Event: 26.125 Executing VM operation: RedefineClasses
Event: 26.145 Executing VM operation: RedefineClasses done
Event: 26.149 Executing VM operation: ChangeSingleStep
Event: 26.149 Executing VM operation: ChangeSingleStep done

Events (20 events):
Event: 6.482 Thread 0x000001e113292cb0 flushing nmethod 0x000001e10bab0a90
Event: 6.482 Thread 0x000001e113292cb0 flushing nmethod 0x000001e10bacb210
Event: 6.482 Thread 0x000001e113292cb0 flushing nmethod 0x000001e10bab7d10
Event: 6.482 Thread 0x000001e113292cb0 flushing nmethod 0x000001e10baa6e10
Event: 6.482 Thread 0x000001e113292cb0 flushing nmethod 0x000001e10ba48010
Event: 6.482 Thread 0x000001e113292cb0 flushing nmethod 0x000001e10ba5db10
Event: 6.482 Thread 0x000001e113292cb0 flushing nmethod 0x000001e10ba63a10
Event: 6.482 Thread 0x000001e113292cb0 flushing nmethod 0x000001e10ba66c90
Event: 6.482 Thread 0x000001e113292cb0 flushing nmethod 0x000001e10ba47610
Event: 6.482 Thread 0x000001e113292cb0 flushing nmethod 0x000001e10ba51090
Event: 6.482 Thread 0x000001e113292cb0 flushing nmethod 0x000001e10ba11d10
Event: 6.482 Thread 0x000001e113292cb0 flushing nmethod 0x000001e10b9fe090
Event: 6.482 Thread 0x000001e113292cb0 flushing nmethod 0x000001e10b869010
Event: 6.482 Thread 0x000001e113292cb0 flushing nmethod 0x000001e10b856f90
Event: 6.482 Thread 0x000001e113292cb0 flushing nmethod 0x000001e10b55cc90
Event: 6.482 Thread 0x000001e113292cb0 flushing nmethod 0x000001e10b3c6890
Event: 7.827 Thread 0x000001e118aab110 Thread exited: 0x000001e118aab110
Event: 7.827 Thread 0x000001e117e95a30 Thread exited: 0x000001e117e95a30
Event: 10.593 Thread 0x000001e119108f00 Thread exited: 0x000001e119108f00
Event: 10.843 Thread 0x000001e1175bd7f0 Thread exited: 0x000001e1175bd7f0


Dynamic libraries:
0x00007ff6d3a30000 - 0x00007ff6d3a40000 	C:\Program Files\Java\jdk-20\bin\javaw.exe
0x00007ffcf8070000 - 0x00007ffcf8287000 	C:\WINDOWS\SYSTEM32\ntdll.dll
0x00007ffcf69c0000 - 0x00007ffcf6a84000 	C:\WINDOWS\System32\KERNEL32.DLL
0x00007ffcf5820000 - 0x00007ffcf5bd7000 	C:\WINDOWS\System32\KERNELBASE.dll
0x00007ffcf5650000 - 0x00007ffcf5761000 	C:\WINDOWS\System32\ucrtbase.dll
0x00007ffcedd40000 - 0x00007ffcedd5b000 	C:\Program Files\Java\jdk-20\bin\VCRUNTIME140.dll
0x00007ffcf0cc0000 - 0x00007ffcf0cd9000 	C:\Program Files\Java\jdk-20\bin\jli.dll
0x00007ffcf7810000 - 0x00007ffcf78c2000 	C:\WINDOWS\System32\ADVAPI32.dll
0x00007ffcf7e20000 - 0x00007ffcf7ec7000 	C:\WINDOWS\System32\msvcrt.dll
0x00007ffcf6af0000 - 0x00007ffcf6b98000 	C:\WINDOWS\System32\sechost.dll
0x00007ffcf5440000 - 0x00007ffcf5468000 	C:\WINDOWS\System32\bcrypt.dll
0x00007ffcf6160000 - 0x00007ffcf6274000 	C:\WINDOWS\System32\RPCRT4.dll
0x00007ffcf7c70000 - 0x00007ffcf7e1f000 	C:\WINDOWS\System32\USER32.dll
0x00007ffce1100000 - 0x00007ffce1393000 	C:\WINDOWS\WinSxS\amd64_microsoft.windows.common-controls_6595b64144ccf1df_6.0.22621.3672_none_2713b9d173822955\COMCTL32.dll
0x00007ffcf5770000 - 0x00007ffcf5796000 	C:\WINDOWS\System32\win32u.dll
0x00007ffcf7540000 - 0x00007ffcf7569000 	C:\WINDOWS\System32\GDI32.dll
0x00007ffcf5be0000 - 0x00007ffcf5cf8000 	C:\WINDOWS\System32\gdi32full.dll
0x00007ffcf5d00000 - 0x00007ffcf5d9a000 	C:\WINDOWS\System32\msvcp_win.dll
0x00007ffcea610000 - 0x00007ffcea61a000 	C:\WINDOWS\SYSTEM32\VERSION.dll
0x00007ffcf77d0000 - 0x00007ffcf7801000 	C:\WINDOWS\System32\IMM32.DLL
0x00007ffcf0c90000 - 0x00007ffcf0c9c000 	C:\Program Files\Java\jdk-20\bin\vcruntime140_1.dll
0x00007ffce82d0000 - 0x00007ffce835e000 	C:\Program Files\Java\jdk-20\bin\msvcp140.dll
0x00007ffc78d90000 - 0x00007ffc79a27000 	C:\Program Files\Java\jdk-20\bin\server\jvm.dll
0x00007ffcefb00000 - 0x00007ffcefb09000 	C:\WINDOWS\SYSTEM32\WSOCK32.dll
0x00007ffced470000 - 0x00007ffced4a4000 	C:\WINDOWS\SYSTEM32\WINMM.dll
0x00007ffcf5fe0000 - 0x00007ffcf6051000 	C:\WINDOWS\System32\WS2_32.dll
0x00007ffcf43d0000 - 0x00007ffcf43e8000 	C:\WINDOWS\SYSTEM32\kernel.appcore.dll
0x00007ffcefa60000 - 0x00007ffcefa6a000 	C:\Program Files\Java\jdk-20\bin\jimage.dll
0x00007ffcf2d90000 - 0x00007ffcf2fc2000 	C:\WINDOWS\SYSTEM32\DBGHELP.DLL
0x00007ffcf78e0000 - 0x00007ffcf7c6e000 	C:\WINDOWS\System32\combase.dll
0x00007ffcf7430000 - 0x00007ffcf7507000 	C:\WINDOWS\System32\OLEAUT32.dll
0x00007ffcde2e0000 - 0x00007ffcde312000 	C:\WINDOWS\SYSTEM32\dbgcore.DLL
0x00007ffcf57a0000 - 0x00007ffcf581b000 	C:\WINDOWS\System32\bcryptPrimitives.dll
0x00007ffcedcc0000 - 0x00007ffcedcfc000 	C:\Program Files\Java\jdk-20\bin\jdwp.dll
0x00007ffcedd30000 - 0x00007ffcedd3e000 	C:\Program Files\Java\jdk-20\bin\instrument.dll
0x00007ffce8bf0000 - 0x00007ffce8c16000 	C:\Program Files\Java\jdk-20\bin\java.dll
0x00007ffce4580000 - 0x00007ffce4657000 	C:\Program Files\Java\jdk-20\bin\jsvml.dll
0x00007ffcf6bc0000 - 0x00007ffcf7429000 	C:\WINDOWS\System32\SHELL32.dll
0x00007ffcf32f0000 - 0x00007ffcf3bef000 	C:\WINDOWS\SYSTEM32\windows.storage.dll
0x00007ffcf31b0000 - 0x00007ffcf32ef000 	C:\WINDOWS\SYSTEM32\wintypes.dll
0x00007ffcf68c0000 - 0x00007ffcf69b9000 	C:\WINDOWS\System32\SHCORE.dll
0x00007ffcf7ed0000 - 0x00007ffcf7f2e000 	C:\WINDOWS\System32\shlwapi.dll
0x00007ffcf52b0000 - 0x00007ffcf52d7000 	C:\WINDOWS\SYSTEM32\profapi.dll
0x00007ffcedd20000 - 0x00007ffcedd2c000 	C:\Program Files\Java\jdk-20\bin\dt_socket.dll
0x00007ffcf3e50000 - 0x00007ffcf3e7d000 	C:\WINDOWS\SYSTEM32\IPHLPAPI.DLL
0x00007ffcf4840000 - 0x00007ffcf48a9000 	C:\WINDOWS\system32\mswsock.dll
0x00007ffcf3ec0000 - 0x00007ffcf3fc2000 	C:\WINDOWS\SYSTEM32\DNSAPI.dll
0x00007ffcf7570000 - 0x00007ffcf7579000 	C:\WINDOWS\System32\NSI.dll
0x00007ffcefa20000 - 0x00007ffcefa2a000 	C:\Windows\System32\rasadhlp.dll
0x00007ffcef870000 - 0x00007ffcef8f3000 	C:\WINDOWS\System32\fwpuclnt.dll
0x00007ffce9580000 - 0x00007ffce9598000 	C:\Program Files\Java\jdk-20\bin\zip.dll
0x00007ffce8df0000 - 0x00007ffce8e03000 	C:\Program Files\Java\jdk-20\bin\net.dll
0x00007ffcf0260000 - 0x00007ffcf0396000 	C:\WINDOWS\SYSTEM32\WINHTTP.dll
0x00007ffce8bd0000 - 0x00007ffce8be6000 	C:\Program Files\Java\jdk-20\bin\nio.dll
0x00007ffcea710000 - 0x00007ffcea71a000 	C:\Program Files\Java\jdk-20\bin\management.dll
0x00007ffce9b30000 - 0x00007ffce9b3b000 	C:\Program Files\Java\jdk-20\bin\management_ext.dll
0x00007ffcf78d0000 - 0x00007ffcf78d8000 	C:\WINDOWS\System32\PSAPI.DLL
0x00007ffcd67e0000 - 0x00007ffcd67f7000 	C:\WINDOWS\system32\napinsp.dll
0x00007ffcd5c00000 - 0x00007ffcd5c1b000 	C:\WINDOWS\system32\pnrpnsp.dll
0x00007ffcd5be0000 - 0x00007ffcd5bf1000 	C:\WINDOWS\System32\winrnr.dll
0x00007ffcefd40000 - 0x00007ffcefd55000 	C:\WINDOWS\system32\wshbth.dll
0x00007ffcd5bb0000 - 0x00007ffcd5bd7000 	C:\WINDOWS\system32\nlansp_c.dll
0x00007ffcf4a90000 - 0x00007ffcf4aab000 	C:\WINDOWS\SYSTEM32\CRYPTSP.dll
0x00007ffcf4330000 - 0x00007ffcf4365000 	C:\WINDOWS\system32\rsaenh.dll
0x00007ffcf4930000 - 0x00007ffcf4958000 	C:\WINDOWS\SYSTEM32\USERENV.dll
0x00007ffcf4ab0000 - 0x00007ffcf4abc000 	C:\WINDOWS\SYSTEM32\CRYPTBASE.dll
0x00007ffcf0240000 - 0x00007ffcf0259000 	C:\WINDOWS\SYSTEM32\dhcpcsvc6.DLL
0x00007ffcf0190000 - 0x00007ffcf01af000 	C:\WINDOWS\SYSTEM32\dhcpcsvc.DLL
0x00007ffce8ba0000 - 0x00007ffce8ba7000 	C:\Program Files\Java\jdk-20\bin\extnet.dll
0x00007ffce8b90000 - 0x00007ffce8ba0000 	C:\Program Files\Java\jdk-20\bin\verify.dll
0x00007ffce86f0000 - 0x00007ffce86fe000 	C:\Program Files\Java\jdk-20\bin\sunmscapi.dll
0x00007ffcf5470000 - 0x00007ffcf55d6000 	C:\WINDOWS\System32\CRYPT32.dll
0x00007ffcf4cc0000 - 0x00007ffcf4ced000 	C:\WINDOWS\SYSTEM32\ncrypt.dll
0x00007ffcf4c80000 - 0x00007ffcf4cb7000 	C:\WINDOWS\SYSTEM32\NTASN1.dll

dbghelp: loaded successfully - version: 4.0.5 - missing functions: none
symbol engine: initialized successfully - sym options: 0x614 - pdb path: .;C:\Program Files\Java\jdk-20\bin;C:\WINDOWS\SYSTEM32;C:\WINDOWS\WinSxS\amd64_microsoft.windows.common-controls_6595b64144ccf1df_6.0.22621.3672_none_2713b9d173822955;C:\Program Files\Java\jdk-20\bin\server

VM Arguments:
jvm_args: -XX:+ShowCodeDetailsInExceptionMessages -agentlib:jdwp=transport=dt_socket,suspend=y,address=localhost:55291 -Dcom.sun.management.jmxremote -Dcom.sun.management.jmxremote.port=55288 -Dcom.sun.management.jmxremote.authenticate=false -Dcom.sun.management.jmxremote.ssl=false -Djava.rmi.server.hostname=localhost -Dspring.jmx.enabled=true -Dmanagement.endpoints.jmx.exposure.include=* -Dspring.application.admin.enabled=true -XX:TieredStopAtLevel=1 -Dspring.boot.project.name=PetStore -javaagent:C:\Users\rajik\Downloads\spring-tool-suite-4-4.26.0\sts-4.26.0.RELEASE\configuration\org.eclipse.osgi\271\0\.cp\lib\javaagent-shaded.jar -Dfile.encoding=UTF-8 -Dstdout.encoding=UTF-8 -Dstderr.encoding=UTF-8 
java_command: PetStore.PetStore.PetStoreApplication --spring.output.ansi.enabled=always
java_class_path (initial): C:\Users\rajik\Downloads\Pet-Store\PetStore\target\classes;C:\Users\rajik\.m2\repository\org\springframework\boot\spring-boot-starter-data-jpa\3.3.5\spring-boot-starter-data-jpa-3.3.5.jar;C:\Users\rajik\.m2\repository\org\springframework\boot\spring-boot-starter-aop\3.3.5\spring-boot-starter-aop-3.3.5.jar;C:\Users\rajik\.m2\repository\org\springframework\spring-aop\6.1.14\spring-aop-6.1.14.jar;C:\Users\rajik\.m2\repository\org\aspectj\aspectjweaver\1.9.22.1\aspectjweaver-1.9.22.1.jar;C:\Users\rajik\.m2\repository\org\springframework\boot\spring-boot-starter-jdbc\3.3.5\spring-boot-starter-jdbc-3.3.5.jar;C:\Users\rajik\.m2\repository\com\zaxxer\HikariCP\5.1.0\HikariCP-5.1.0.jar;C:\Users\rajik\.m2\repository\org\springframework\spring-jdbc\6.1.14\spring-jdbc-6.1.14.jar;C:\Users\rajik\.m2\repository\org\hibernate\orm\hibernate-core\6.5.3.Final\hibernate-core-6.5.3.Final.jar;C:\Users\rajik\.m2\repository\jakarta\persistence\jakarta.persistence-api\3.1.0\jakarta.persistence-api-3.1.0.jar;C:\Users\rajik\.m2\repository\jakarta\transaction\jakarta.transaction-api\2.0.1\jakarta.transaction-api-2.0.1.jar;C:\Users\rajik\.m2\repository\org\jboss\logging\jboss-logging\3.5.3.Final\jboss-logging-3.5.3.Final.jar;C:\Users\rajik\.m2\repository\org\hibernate\common\hibernate-commons-annotations\6.0.6.Final\hibernate-commons-annotations-6.0.6.Final.jar;C:\Users\rajik\.m2\repository\io\smallrye\jandex\3.1.2\jandex-3.1.2.jar;C:\Users\rajik\.m2\repository\com\fasterxml\classmate\1.7.0\classmate-1.7.0.jar;C:\Users\rajik\.m2\repository\net\bytebuddy\byte-buddy\1.14.19\byte-buddy-1.14.19.jar;C:\Users\rajik\.m2\repository\org\glassfish\jaxb\jaxb-runtime\4.0.5\jaxb-runtime-4.0.5.jar;C:\Users\rajik\.m2\repository\org\glassfish\jaxb\jaxb-core\4.0.5\jaxb-core-4.0.5.jar;C:\Users\rajik\.m2\repository\org\eclipse\angus\angus-activation\2.0.2\angus-activation-2.0.2.jar;C:\Users\rajik\.m2\repository\org\glassfish\jaxb\txw2\4.0.5\txw2-4.0.5.jar;C:\Users\rajik\.m2\repository\com\sun\istack\istack-commons-runtime\4.1.2\istack-commons-runtime-4.1.2.jar;C:\Users\rajik\.m2\repository\jakarta\inject\jakarta.inject-api\2.0.1\jakarta.inject-api-2.0.1.jar;C:\Users\rajik\.m2\repository\org\antlr\antlr4-runtime\4.13.0\antlr4-runtime-4.13.0.jar;C:\Users\rajik\.m2\repository\org\springframework\data\spring-data-jpa\3.3.5\spring-data-jpa-3.3.5.jar;C:\Users\rajik\.m2\repository\org\springframework\data\spring-data-commons\3.3.5\spring-data-commons-3.3.5.jar;C:\Users\rajik\.m2\repository\org\springframework\spring-orm\6.1.14\spring-orm-6.1.14.jar;C:\Users\rajik\.m2\repository\org\springframework\spring-context\6.1.14\spring-context-6.1.14.jar;C:\Users\rajik\.m2\repository\org\springframework\spring-tx\6.1.14\spring-tx-6.1.14.jar;C:\Users\rajik\.m2\repository\org\springframework\spring-beans\6.1.14\spring-beans-6.1.14.jar;C:\Users\rajik\.m2\repository\jakarta\annotation\jakarta.annotation-api\2.1.1\jakarta.annotation-api-2.1.1.jar;C:\Users\rajik\.m2\repository\org\slf4j\slf4j-api\2.0.16\slf4j-api-2.0.16.jar;C:\Users\rajik\.m2\repository\org\springframework\spring-aspects\6.1.14\spring-aspects-6.1.14.jar;C:\Users\rajik\.m2\repository\org\springframework\boot\spring-boot-starter-web\3.3.5\spring-boot-starter-web-3.3.5.jar;C:\Users\rajik\.m2\repository\org\springframework\boot\spring-boot-starter\3.3.5\spring-boot-starter-3.3.5.jar;C:\Users\rajik\.m2\repository\org\springframework\boot\spring-boot\3.3.5\spring-boot-3.3.5.jar;C:\Users\rajik\.m2\repository\org\springframework\boot\spring-boot-autoconfigure\3.3.5\spring-boot-autoconfigure-3.3.5.jar;C:\Users\rajik\.m2\repository\org\springframework\boot\spring-boot-starter-logging\3.3.5\spring-boot-starter-logging-3.3.5.jar;C:\Users\rajik\.m2\repository\ch\qos\logback\logback-classic\1.5.11\logback-classic-1.5.11.jar;C:\Users\rajik\.m2\repository\ch\qos\logback\logback-core\1.5.11\logback-core-1.5.11.jar;C:\Users\rajik\.m2\repository\org\apache\logging\log4j\log4j-to-slf4j\2.23.1\log4j-to-slf4j-2.23.1.jar;C:\Users\rajik\.m2\repository\org\apache\logging\log4j\log4j-api\2.23.1\log4j-api-2.23.1.jar;C:\Users\rajik\.m2\repository\org\slf4j\jul-to-slf4j\2.0.16\jul-to-slf4j-2.0.16.jar;C:\Users\rajik\.m2\repository\org\yaml\snakeyaml\2.2\snakeyaml-2.2.jar;C:\Users\rajik\.m2\repository\org\springframework\boot\spring-boot-starter-json\3.3.5\spring-boot-starter-json-3.3.5.jar;C:\Users\rajik\.m2\repository\com\fasterxml\jackson\core\jackson-databind\2.17.2\jackson-databind-2.17.2.jar;C:\Users\rajik\.m2\repository\com\fasterxml\jackson\core\jackson-annotations\2.17.2\jackson-annotations-2.17.2.jar;C:\Users\rajik\.m2\repository\com\fasterxml\jackson\core\jackson-core\2.17.2\jackson-core-2.17.2.jar;C:\Users\rajik\.m2\repository\com\fasterxml\jackson\datatype\jackson-datatype-jdk8\2.17.2\jackson-datatype-jdk8-2.17.2.jar;C:\Users\rajik\.m2\repository\com\fasterxml\jackson\datatype\jackson-datatype-jsr310\2.17.2\jackson-datatype-jsr310-2.17.2.jar;C:\Users\rajik\.m2\repository\com\fasterxml\jackson\module\jackson-module-parameter-names\2.17.2\jackson-module-parameter-names-2.17.2.jar;C:\Users\rajik\.m2\repository\org\springframework\boot\spring-boot-starter-tomcat\3.3.5\spring-boot-starter-tomcat-3.3.5.jar;C:\Users\rajik\.m2\repository\org\apache\tomcat\embed\tomcat-embed-core\10.1.31\tomcat-embed-core-10.1.31.jar;C:\Users\rajik\.m2\repository\org\apache\tomcat\embed\tomcat-embed-el\10.1.31\tomcat-embed-el-10.1.31.jar;C:\Users\rajik\.m2\repository\org\apache\tomcat\embed\tomcat-embed-websocket\10.1.31\tomcat-embed-websocket-10.1.31.jar;C:\Users\rajik\.m2\repository\org\springframework\spring-web\6.1.14\spring-web-6.1.14.jar;C:\Users\rajik\.m2\repository\io\micrometer\micrometer-observation\1.13.6\micrometer-observation-1.13.6.jar;C:\Users\rajik\.m2\repository\io\micrometer\micrometer-commons\1.13.6\micrometer-commons-1.13.6.jar;C:\Users\rajik\.m2\repository\org\springframework\spring-webmvc\6.1.14\spring-webmvc-6.1.14.jar;C:\Users\rajik\.m2\repository\org\springframework\spring-expression\6.1.14\spring-expression-6.1.14.jar;C:\Users\rajik\.m2\repository\com\mysql\mysql-connector-j\8.3.0\mysql-connector-j-8.3.0.jar;C:\Users\rajik\.m2\repository\jakarta\xml\bind\jakarta.xml.bind-api\4.0.2\jakarta.xml.bind-api-4.0.2.jar;C:\Users\rajik\.m2\repository\jakarta\activation\jakarta.activation-api\2.1.3\jakarta.activation-api-2.1.3.jar;C:\Users\rajik\.m2\repository\org\springframework\spring-core\6.1.14\spring-core-6.1.14.jar;C:\Users\rajik\.m2\repository\org\springframework\spring-jcl\6.1.14\spring-jcl-6.1.14.jar
Launcher Type: SUN_STANDARD

[Global flags]
     intx CICompilerCount                          = 4                                         {product} {ergonomic}
     uint ConcGCThreads                            = 3                                         {product} {ergonomic}
     uint G1ConcRefinementThreads                  = 10                                        {product} {ergonomic}
   size_t G1HeapRegionSize                         = 1048576                                   {product} {ergonomic}
    uintx GCDrainStackTargetSize                   = 64                                        {product} {ergonomic}
   size_t InitialHeapSize                          = 98566144                                  {product} {ergonomic}
     bool ManagementServer                         = true                                      {product} {command line}
   size_t MarkStackSize                            = 4194304                                   {product} {ergonomic}
   size_t MaxHeapSize                              = 1570766848                                {product} {ergonomic}
   size_t MaxNewSize                               = 941621248                                 {product} {ergonomic}
   size_t MinHeapDeltaBytes                        = 1048576                                   {product} {ergonomic}
   size_t MinHeapSize                              = 8388608                                   {product} {ergonomic}
    uintx NonProfiledCodeHeapSize                  = 0                                      {pd product} {ergonomic}
     bool ProfileInterpreter                       = false                                  {pd product} {command line}
    uintx ProfiledCodeHeapSize                     = 0                                      {pd product} {ergonomic}
     bool ShowCodeDetailsInExceptionMessages       = true                                   {manageable} {command line}
   size_t SoftMaxHeapSize                          = 1570766848                             {manageable} {ergonomic}
     intx TieredStopAtLevel                        = 1                                         {product} {command line}
     bool UseCompressedClassPointers               = true                           {product lp64_product} {ergonomic}
     bool UseCompressedOops                        = true                           {product lp64_product} {ergonomic}
     bool UseG1GC                                  = true                                      {product} {ergonomic}
     bool UseLargePagesIndividualAllocation        = false                                  {pd product} {ergonomic}

Logging:
Log output configuration:
 #0: stdout all=warning uptime,level,tags foldmultilines=false
 #1: stderr all=off uptime,level,tags foldmultilines=false

Environment Variables:
PATH=C:/Users/rajik/Downloads/spring-tool-suite-4-4.26.0/sts-4.26.0.RELEASE//plugins/org.eclipse.justj.openjdk.hotspot.jre.full.win32.x86_64_21.0.4.v20240802-1551/jre/bin/server;C:/Users/rajik/Downloads/spring-tool-suite-4-4.26.0/sts-4.26.0.RELEASE//plugins/org.eclipse.justj.openjdk.hotspot.jre.full.win32.x86_64_21.0.4.v20240802-1551/jre/bin;C:\Program Files\Common Files\Oracle\Java\javapath;C:\WINDOWS\system32;C:\WINDOWS;C:\WINDOWS\System32\Wbem;C:\WINDOWS\System32\WindowsPowerShell\v1.0\;C:\WINDOWS\System32\OpenSSH\;C:\Program Files (x86)\Windows Kits\10\Windows Performance Toolkit\;C:\Program Files\Git\cmd;C:\Program Files\nodejs\;D:\ffmpeg-7.0.2-essentials_build\bin;C:\Program Files\Java\jdk-11\bin;C:\Users\rajik\Downloads\apache-maven-3.9.9-bin\apache-maven-3.9.9\bin;C:\Program Files\MySQL\MySQL Shell 8.0\bin\;C:\Users\rajik\AppData\Local\Programs\Python\Python311\Scripts\;C:\Users\rajik\AppData\Local\Programs\Python\Python311\;C:\Users\rajik\AppData\Local\Microsoft\WindowsApps;C:\Users\rajik\AppData\Local\Programs\Microsoft VS Code\bin;C:\MinGW\bin;D:\flex\win_flex;C:\Program Files\heroku\bin;C:\Users\rajik\AppData\Roaming\npm;C:\Users\rajik\Downloads\spring-tool-suite-4-4.26.0\sts-4.26.0.RELEASE;
USERNAME=rajik
OS=Windows_NT
PROCESSOR_IDENTIFIER=AMD64 Family 23 Model 104 Stepping 1, AuthenticAMD
TMP=C:\Users\rajik\AppData\Local\Temp
TEMP=C:\Users\rajik\AppData\Local\Temp




---------------  S Y S T E M  ---------------

OS:
 Windows 11 , 64 bit Build 22621 (10.0.22621.3958)
OS uptime: 12 days 10:21 hours

CPU: total 12 (initial active 12) (12 cores per cpu, 2 threads per core) family 23 model 104 stepping 1 microcode 0x0, cx8, cmov, fxsr, ht, mmx, 3dnowpref, sse, sse2, sse3, ssse3, sse4a, sse4.1, sse4.2, popcnt, lzcnt, tsc, tscinvbit, avx, avx2, aes, clmul, bmi1, bmi2, adx, sha, fma, vzeroupper, clflush, clflushopt, rdtscp, rdpid, f16c

Memory: 4k page, system-wide physical 5989M (582M free)
TotalPageFile size 21351M (AvailPageFile size 6570M)
current process WorkingSet (physical memory assigned to process): 213M, peak: 213M
current process commit charge ("private bytes"): 256M, peak: 256M

vm_info: Java HotSpot(TM) 64-Bit Server VM (20.0.1+9-29) for windows-amd64 JRE (20.0.1+9-29), built on 2023-03-07T13:56:11Z by "mach5one" with MS VC++ 17.1 (VS2022)

END.
